Arguments: 
  /opt/nodejs/14.15.1/bin/node /opt/yarn/1.22.10/bin/yarn.js add readme-messages

PATH: 
  /usr/local/cargo/bin:/home/codespace/.rbenv/shims:/vscode/bin/x64/c3f126316369cd610563c75b1b1725e0679adfb3/bin:/home/codespace/.java/current/bin:/home/codespace/.nodejs/current/bin:/home/codespace/.php/current/bin:/home/codespace/.python/current/bin:/home/codespace/.ruby/current/bin:/home/codespace/.maven/current/bin:/home/codespace/.hugo/current/bin$:/usr/local/sbin:/usr/local/bin:/usr/sbin:/usr/bin:/sbin:/bin:/home/codespace/.nvm/current/bin:/home/codespace/.npm-global/bin:/home/codespace/.dotnet:/home/codespace/.dotnet/tools:/usr/local/sdkman/bin:/usr/local/sdkman/candidates/gradle/current/bin:/usr/local/sdkman/candidates/java/current/bin:/opt/maven/lts:/usr/local/cargo/bin:/usr/local/go/bin:/go/bin:/usr/local/py-utils/bin:/opt/conda/condabin:/opt/oryx:/opt/nodejs/lts/bin:/opt/dotnet/lts:/opt/python/latest/bin:/opt/php/lts/bin:/opt/php-composer:/opt/yarn/stable/bin:/opt/hugo/lts::/opt/java/lts/bin:/opt/maven/lts/bin:/opt/ruby/lts/bin:/home/codespace/.local/bin:/usr/local/rvm/bin

Yarn version: 
  1.22.10

Node version: 
  14.15.1

Platform: 
  linux x64

Trace: 
  Error: https://registry.yarnpkg.com/readme-messages: Not found
      at Request.params.callback [as _callback] (/opt/yarn/1.22.10/lib/cli.js:66988:18)
      at Request.self.callback (/opt/yarn/1.22.10/lib/cli.js:140749:22)
      at Request.emit (events.js:315:20)
      at Request.<anonymous> (/opt/yarn/1.22.10/lib/cli.js:141721:10)
      at Request.emit (events.js:315:20)
      at IncomingMessage.<anonymous> (/opt/yarn/1.22.10/lib/cli.js:141643:12)
      at Object.onceWrapper (events.js:421:28)
      at IncomingMessage.emit (events.js:327:22)
      at endReadableNT (_stream_readable.js:1327:12)
      at processTicksAndRejections (internal/process/task_queues.js:80:21)

npm manifest: 
  No manifest

yarn manifest: 
  No manifest

Lockfile: 
  No lockfile
